C:\USERS\ASUS\ONEDRIVE\DOCUMENTS\VISUAL STUDIO 2010\PROJECTS\234101012_DIGIT_RECOGNITION\DEBUG\DIGIT_RECOGNITION.EXE
C:\USERS\ASUS\ONEDRIVE\DOCUMENTS\VISUAL STUDIO 2010\PROJECTS\234101012_DIGIT_RECOGNITION\DEBUG\DIGIT_RECOGNITION.ILK
C:\USERS\ASUS\ONEDRIVE\DOCUMENTS\VISUAL STUDIO 2010\PROJECTS\234101012_DIGIT_RECOGNITION\DEBUG\DIGIT_RECOGNITION.PDB
C:\Users\ASUS\OneDrive\Documents\Visual Studio 2010\Projects\234101012_Digit_Recognition\Digit_Recognition\Debug\cl.command.1.tlog
C:\Users\ASUS\OneDrive\Documents\Visual Studio 2010\Projects\234101012_Digit_Recognition\Digit_Recognition\Debug\CL.read.1.tlog
C:\Users\ASUS\OneDrive\Documents\Visual Studio 2010\Projects\234101012_Digit_Recognition\Digit_Recognition\Debug\CL.write.1.tlog
C:\Users\ASUS\OneDrive\Documents\Visual Studio 2010\Projects\234101012_Digit_Recognition\Digit_Recognition\Debug\Digit_Recognition.exe.embed.manifest
C:\USERS\ASUS\ONEDRIVE\DOCUMENTS\VISUAL STUDIO 2010\PROJECTS\234101012_DIGIT_RECOGNITION\DIGIT_RECOGNITION\DEBUG\DIGIT_RECOGNITION.EXE.EMBED.MANIFEST.RES
C:\USERS\ASUS\ONEDRIVE\DOCUMENTS\VISUAL STUDIO 2010\PROJECTS\234101012_DIGIT_RECOGNITION\DIGIT_RECOGNITION\DEBUG\DIGIT_RECOGNITION.EXE.INTERMEDIATE.MANIFEST
C:\USERS\ASUS\ONEDRIVE\DOCUMENTS\VISUAL STUDIO 2010\PROJECTS\234101012_DIGIT_RECOGNITION\DIGIT_RECOGNITION\DEBUG\DIGIT_RECOGNITION.OBJ
C:\USERS\ASUS\ONEDRIVE\DOCUMENTS\VISUAL STUDIO 2010\PROJECTS\234101012_DIGIT_RECOGNITION\DIGIT_RECOGNITION\DEBUG\DIGIT_RECOGNITION.PCH
C:\Users\ASUS\OneDrive\Documents\Visual Studio 2010\Projects\234101012_Digit_Recognition\Digit_Recognition\Debug\Digit_Recognition.vcxprojResolveAssemblyReference.cache
C:\Users\ASUS\OneDrive\Documents\Visual Studio 2010\Projects\234101012_Digit_Recognition\Digit_Recognition\Debug\Digit_Recognition.write.1.tlog
C:\Users\ASUS\OneDrive\Documents\Visual Studio 2010\Projects\234101012_Digit_Recognition\Digit_Recognition\Debug\Digit_Recognition_manifest.rc
C:\Users\ASUS\OneDrive\Documents\Visual Studio 2010\Projects\234101012_Digit_Recognition\Digit_Recognition\Debug\link.15444.read.1.tlog
C:\Users\ASUS\OneDrive\Documents\Visual Studio 2010\Projects\234101012_Digit_Recognition\Digit_Recognition\Debug\link.15444.write.1.tlog
C:\Users\ASUS\OneDrive\Documents\Visual Studio 2010\Projects\234101012_Digit_Recognition\Digit_Recognition\Debug\link.15444-cvtres.read.1.tlog
C:\Users\ASUS\OneDrive\Documents\Visual Studio 2010\Projects\234101012_Digit_Recognition\Digit_Recognition\Debug\link.15444-cvtres.write.1.tlog
C:\Users\ASUS\OneDrive\Documents\Visual Studio 2010\Projects\234101012_Digit_Recognition\Digit_Recognition\Debug\link.1676.read.1.tlog
C:\Users\ASUS\OneDrive\Documents\Visual Studio 2010\Projects\234101012_Digit_Recognition\Digit_Recognition\Debug\link.1676.write.1.tlog
C:\Users\ASUS\OneDrive\Documents\Visual Studio 2010\Projects\234101012_Digit_Recognition\Digit_Recognition\Debug\link.1676-cvtres.read.1.tlog
C:\Users\ASUS\OneDrive\Documents\Visual Studio 2010\Projects\234101012_Digit_Recognition\Digit_Recognition\Debug\link.1676-cvtres.write.1.tlog
C:\Users\ASUS\OneDrive\Documents\Visual Studio 2010\Projects\234101012_Digit_Recognition\Digit_Recognition\Debug\link.16800.read.1.tlog
C:\Users\ASUS\OneDrive\Documents\Visual Studio 2010\Projects\234101012_Digit_Recognition\Digit_Recognition\Debug\link.16800.write.1.tlog
C:\Users\ASUS\OneDrive\Documents\Visual Studio 2010\Projects\234101012_Digit_Recognition\Digit_Recognition\Debug\link.16800-cvtres.read.1.tlog
C:\Users\ASUS\OneDrive\Documents\Visual Studio 2010\Projects\234101012_Digit_Recognition\Digit_Recognition\Debug\link.16800-cvtres.write.1.tlog
C:\Users\ASUS\OneDrive\Documents\Visual Studio 2010\Projects\234101012_Digit_Recognition\Digit_Recognition\Debug\link.2492.read.1.tlog
C:\Users\ASUS\OneDrive\Documents\Visual Studio 2010\Projects\234101012_Digit_Recognition\Digit_Recognition\Debug\link.2492.write.1.tlog
C:\Users\ASUS\OneDrive\Documents\Visual Studio 2010\Projects\234101012_Digit_Recognition\Digit_Recognition\Debug\link.2492-cvtres.read.1.tlog
C:\Users\ASUS\OneDrive\Documents\Visual Studio 2010\Projects\234101012_Digit_Recognition\Digit_Recognition\Debug\link.2492-cvtres.write.1.tlog
C:\Users\ASUS\OneDrive\Documents\Visual Studio 2010\Projects\234101012_Digit_Recognition\Digit_Recognition\Debug\link.3868.read.1.tlog
C:\Users\ASUS\OneDrive\Documents\Visual Studio 2010\Projects\234101012_Digit_Recognition\Digit_Recognition\Debug\link.3868.write.1.tlog
C:\Users\ASUS\OneDrive\Documents\Visual Studio 2010\Projects\234101012_Digit_Recognition\Digit_Recognition\Debug\link.3868-cvtres.read.1.tlog
C:\Users\ASUS\OneDrive\Documents\Visual Studio 2010\Projects\234101012_Digit_Recognition\Digit_Recognition\Debug\link.3868-cvtres.write.1.tlog
C:\Users\ASUS\OneDrive\Documents\Visual Studio 2010\Projects\234101012_Digit_Recognition\Digit_Recognition\Debug\link.6368.read.1.tlog
C:\Users\ASUS\OneDrive\Documents\Visual Studio 2010\Projects\234101012_Digit_Recognition\Digit_Recognition\Debug\link.6368.write.1.tlog
C:\Users\ASUS\OneDrive\Documents\Visual Studio 2010\Projects\234101012_Digit_Recognition\Digit_Recognition\Debug\link.6368-cvtres.read.1.tlog
C:\Users\ASUS\OneDrive\Documents\Visual Studio 2010\Projects\234101012_Digit_Recognition\Digit_Recognition\Debug\link.6368-cvtres.write.1.tlog
C:\Users\ASUS\OneDrive\Documents\Visual Studio 2010\Projects\234101012_Digit_Recognition\Digit_Recognition\Debug\link.command.1.tlog
C:\Users\ASUS\OneDrive\Documents\Visual Studio 2010\Projects\234101012_Digit_Recognition\Digit_Recognition\Debug\link.read.1.tlog
C:\Users\ASUS\OneDrive\Documents\Visual Studio 2010\Projects\234101012_Digit_Recognition\Digit_Recognition\Debug\link.write.1.tlog
C:\Users\ASUS\OneDrive\Documents\Visual Studio 2010\Projects\234101012_Digit_Recognition\Digit_Recognition\Debug\link-cvtres.read.1.tlog
C:\Users\ASUS\OneDrive\Documents\Visual Studio 2010\Projects\234101012_Digit_Recognition\Digit_Recognition\Debug\link-cvtres.write.1.tlog
C:\Users\ASUS\OneDrive\Documents\Visual Studio 2010\Projects\234101012_Digit_Recognition\Digit_Recognition\Debug\mt.command.1.tlog
C:\Users\ASUS\OneDrive\Documents\Visual Studio 2010\Projects\234101012_Digit_Recognition\Digit_Recognition\Debug\mt.read.1.tlog
C:\Users\ASUS\OneDrive\Documents\Visual Studio 2010\Projects\234101012_Digit_Recognition\Digit_Recognition\Debug\mt.write.1.tlog
C:\Users\ASUS\OneDrive\Documents\Visual Studio 2010\Projects\234101012_Digit_Recognition\Digit_Recognition\Debug\rc.command.1.tlog
C:\Users\ASUS\OneDrive\Documents\Visual Studio 2010\Projects\234101012_Digit_Recognition\Digit_Recognition\Debug\rc.read.1.tlog
C:\Users\ASUS\OneDrive\Documents\Visual Studio 2010\Projects\234101012_Digit_Recognition\Digit_Recognition\Debug\rc.write.1.tlog
C:\USERS\ASUS\ONEDRIVE\DOCUMENTS\VISUAL STUDIO 2010\PROJECTS\234101012_DIGIT_RECOGNITION\DIGIT_RECOGNITION\DEBUG\STDAFX.OBJ
C:\Users\ASUS\OneDrive\Documents\Visual Studio 2010\Projects\234101012_Digit_Recognition\Digit_Recognition\Debug\vc100.idb
C:\USERS\ASUS\ONEDRIVE\DOCUMENTS\VISUAL STUDIO 2010\PROJECTS\234101012_DIGIT_RECOGNITION\DIGIT_RECOGNITION\DEBUG\VC100.PDB
C:\USERS\ASUS\ONEDRIVE\DOCUMENTS\VISUAL STUDIO 2010\PROJECTS\234101040_DIGIT_RECOGNITION\DEBUG\DIGIT_RECOGNITION.EXE
C:\USERS\ASUS\ONEDRIVE\DOCUMENTS\VISUAL STUDIO 2010\PROJECTS\234101040_DIGIT_RECOGNITION\DEBUG\DIGIT_RECOGNITION.ILK
C:\USERS\ASUS\ONEDRIVE\DOCUMENTS\VISUAL STUDIO 2010\PROJECTS\234101040_DIGIT_RECOGNITION\DEBUG\DIGIT_RECOGNITION.PDB
C:\USERS\ASUS\ONEDRIVE\DOCUMENTS\VISUAL STUDIO 2010\PROJECTS\234101040_DIGIT_RECOGNITION\DIGIT_RECOGNITION\DEBUG\DIGIT_RECOGNITION.EXE.EMBED.MANIFEST
C:\USERS\ASUS\ONEDRIVE\DOCUMENTS\VISUAL STUDIO 2010\PROJECTS\234101040_DIGIT_RECOGNITION\DIGIT_RECOGNITION\DEBUG\DIGIT_RECOGNITION.EXE.EMBED.MANIFEST.RES
C:\USERS\ASUS\ONEDRIVE\DOCUMENTS\VISUAL STUDIO 2010\PROJECTS\234101040_DIGIT_RECOGNITION\DIGIT_RECOGNITION\DEBUG\DIGIT_RECOGNITION.EXE.INTERMEDIATE.MANIFEST
C:\USERS\ASUS\ONEDRIVE\DOCUMENTS\VISUAL STUDIO 2010\PROJECTS\234101040_DIGIT_RECOGNITION\DIGIT_RECOGNITION\DEBUG\DIGIT_RECOGNITION.OBJ
C:\USERS\ASUS\ONEDRIVE\DOCUMENTS\VISUAL STUDIO 2010\PROJECTS\234101040_DIGIT_RECOGNITION\DIGIT_RECOGNITION\DEBUG\DIGIT_RECOGNITION.PCH
C:\USERS\ASUS\ONEDRIVE\DOCUMENTS\VISUAL STUDIO 2010\PROJECTS\234101040_DIGIT_RECOGNITION\DIGIT_RECOGNITION\DEBUG\STDAFX.OBJ
C:\USERS\ASUS\ONEDRIVE\DOCUMENTS\VISUAL STUDIO 2010\PROJECTS\234101040_DIGIT_RECOGNITION\DIGIT_RECOGNITION\DEBUG\VC100.PDB
